{"level":"error","message":"Gagal menjalankan server atau inisialisasi DB: Unknown attribute \"id\" passed as targetKey, define this attribute on model \"Category\" first","service":"samit-backend","stack":"Error: Unknown attribute \"id\" passed as targetKey, define this attribute on model \"Category\" first\n    at new BelongsTo (D:\\DEV\\REACT\\samit\\be\\node_modules\\sequelize\\lib\\associations\\belongs-to.js:55:13)\n    at Asset.<anonymous> (D:\\DEV\\REACT\\samit\\be\\node_modules\\sequelize\\lib\\associations\\mixin.js:70:25)\n    at Asset.associate (file:///D:/DEV/REACT/samit/be/models/2_eam_core/Asset.js:62:19)\n    at file:///D:/DEV/REACT/samit/be/models/index.js:57:27\n    at Array.forEach (<anonymous>)\n    at initializeDB (file:///D:/DEV/REACT/samit/be/models/index.js:55:21)\n    at async startServer (file:///D:/DEV/REACT/samit/be/samit.js:175:9)","timestamp":"2026-02-25T07:07:42.220Z"}
{"level":"error","message":"Gagal menjalankan server atau inisialisasi DB: Unknown attribute \"id\" passed as targetKey, define this attribute on model \"Vendor\" first","service":"samit-backend","stack":"Error: Unknown attribute \"id\" passed as targetKey, define this attribute on model \"Vendor\" first\n    at new BelongsTo (D:\\DEV\\REACT\\samit\\be\\node_modules\\sequelize\\lib\\associations\\belongs-to.js:55:13)\n    at Asset.<anonymous> (D:\\DEV\\REACT\\samit\\be\\node_modules\\sequelize\\lib\\associations\\mixin.js:70:25)\n    at Asset.associate (file:///D:/DEV/REACT/samit/be/models/2_eam_core/Asset.js:55:19)\n    at file:///D:/DEV/REACT/samit/be/models/index.js:57:27\n    at Array.forEach (<anonymous>)\n    at initializeDB (file:///D:/DEV/REACT/samit/be/models/index.js:55:21)\n    at async startServer (file:///D:/DEV/REACT/samit/be/samit.js:175:9)","timestamp":"2026-02-25T07:07:50.761Z"}
2026-03-28 18:54:13 [ERROR]: unhandledRejection: Vapid public key should be 65 bytes long when decoded.
Error: Vapid public key should be 65 bytes long when decoded.
    at Object.validatePublicKey (D:\coding\react\samit\be\node_modules\web-push\src\vapid-helper.js:111:11)
    at WebPushLib.setVapidDetails (D:\coding\react\samit\be\node_modules\web-push\src\web-push-lib.js:60:17)
    at configureWebPush (file:///D:/coding/react/samit/be/services/webPush.service.js:21:11)
    at isWebPushConfigured (file:///D:/coding/react/samit/be/services/webPush.service.js:27:42)
    at getPushPublicKey (file:///D:/coding/react/samit/be/controllers/push/push.controller.js:88:17)
    at Layer.handle [as handle_request] (D:\coding\react\samit\be\node_modules\express\lib\router\layer.js:95:5)
    at next (D:\coding\react\samit\be\node_modules\express\lib\router\route.js:149:13)
    at Route.dispatch (D:\coding\react\samit\be\node_modules\express\lib\router\route.js:119:3)
    at Layer.handle [as handle_request] (D:\coding\react\samit\be\node_modules\express\lib\router\layer.js:95:5)
    at D:\coding\react\samit\be\node_modules\express\lib\router\index.js:284:15 {"error":{},"rejection":true,"date":"Sat Mar 28 2026 18:54:13 GMT+0700 (Indochina Time)","process":{"pid":11140,"uid":null,"gid":null,"cwd":"D:\\coding\\react\\samit\\be","execPath":"C:\\nvm4w\\nodejs\\node.exe","version":"v20.20.2","argv":["C:\\nvm4w\\nodejs\\node.exe","D:\\coding\\react\\samit\\be\\samit.js"],"memoryUsage":{"rss":122482688,"heapTotal":82132992,"heapUsed":54176528,"external":5720497,"arrayBuffers":3212731}},"os":{"loadavg":[0,0,0],"uptime":5438.546},"trace":[{"column":11,"file":"D:\\coding\\react\\samit\\be\\node_modules\\web-push\\src\\vapid-helper.js","function":"Object.validatePublicKey","line":111,"method":"validatePublicKey","native":false},{"column":17,"file":"D:\\coding\\react\\samit\\be\\node_modules\\web-push\\src\\web-push-lib.js","function":"WebPushLib.setVapidDetails","line":60,"method":"setVapidDetails","native":false},{"column":11,"file":"file:///D:/coding/react/samit/be/services/webPush.service.js","function":"configureWebPush","line":21,"method":null,"native":false},{"column":42,"file":"file:///D:/coding/react/samit/be/services/webPush.service.js","function":"isWebPushConfigured","line":27,"method":null,"native":false},{"column":17,"file":"file:///D:/coding/react/samit/be/controllers/push/push.controller.js","function":"getPushPublicKey","line":88,"method":null,"native":false},{"column":5,"file":"D:\\coding\\react\\samit\\be\\node_modules\\express\\lib\\router\\layer.js","function":"Layer.handle [as handle_request]","line":95,"method":"handle [as handle_request]","native":false},{"column":13,"file":"D:\\coding\\react\\samit\\be\\node_modules\\express\\lib\\router\\route.js","function":"next","line":149,"method":null,"native":false},{"column":3,"file":"D:\\coding\\react\\samit\\be\\node_modules\\express\\lib\\router\\route.js","function":"Route.dispatch","line":119,"method":"dispatch","native":false},{"column":5,"file":"D:\\coding\\react\\samit\\be\\node_modules\\express\\lib\\router\\layer.js","function":"Layer.handle [as handle_request]","line":95,"method":"handle [as handle_request]","native":false},{"column":15,"file":"D:\\coding\\react\\samit\\be\\node_modules\\express\\lib\\router\\index.js","function":null,"line":284,"method":null,"native":false}],"service":"samit-backend"}
Error: Vapid public key should be 65 bytes long when decoded.
    at Object.validatePublicKey (D:\coding\react\samit\be\node_modules\web-push\src\vapid-helper.js:111:11)
    at WebPushLib.setVapidDetails (D:\coding\react\samit\be\node_modules\web-push\src\web-push-lib.js:60:17)
    at configureWebPush (file:///D:/coding/react/samit/be/services/webPush.service.js:21:11)
    at isWebPushConfigured (file:///D:/coding/react/samit/be/services/webPush.service.js:27:42)
    at getPushPublicKey (file:///D:/coding/react/samit/be/controllers/push/push.controller.js:88:17)
    at Layer.handle [as handle_request] (D:\coding\react\samit\be\node_modules\express\lib\router\layer.js:95:5)
    at next (D:\coding\react\samit\be\node_modules\express\lib\router\route.js:149:13)
    at Route.dispatch (D:\coding\react\samit\be\node_modules\express\lib\router\route.js:119:3)
    at Layer.handle [as handle_request] (D:\coding\react\samit\be\node_modules\express\lib\router\layer.js:95:5)
    at D:\coding\react\samit\be\node_modules\express\lib\router\index.js:284:15
2026-03-28 20:18:37 [ERROR]: Server error: listen EADDRINUSE: address already in use 0.0.0.0:5002 {"service":"samit-backend","code":"EADDRINUSE","errno":-4091,"syscall":"listen","address":"0.0.0.0","port":5002}
Error: listen EADDRINUSE: address already in use 0.0.0.0:5002
    at Server.setupListenHandle [as _listen2] (node:net:1908:16)
    at listenInCluster (node:net:1965:12)
    at doListen (node:net:2139:7)
    at process.processTicksAndRejections (node:internal/process/task_queues:83:21)
2026-03-28 23:43:59 [ERROR]: Gagal menjalankan server atau inisialisasi DB: Unknown attribute "nik" passed as targetKey, define this attribute on model "HRGAUser" first {"service":"samit-backend"}
Error: Unknown attribute "nik" passed as targetKey, define this attribute on model "HRGAUser" first
    at new BelongsTo (D:\coding\react\samit\be\node_modules\sequelize\lib\associations\belongs-to.js:55:13)
    at ITItemAssignment.<anonymous> (D:\coding\react\samit\be\node_modules\sequelize\lib\associations\mixin.js:70:25)
    at ITItemAssignment.associate (file:///D:/coding/react/samit/be/models/5_itam_management/ITItemAssignment.js:45:24)
    at file:///D:/coding/react/samit/be/models/index.js:70:18
    at Array.forEach (<anonymous>)
    at initializeDB (file:///D:/coding/react/samit/be/models/index.js:68:18)
    at async startServer (file:///D:/coding/react/samit/be/samit.js:180:5)
2026-03-29 00:47:34 [ERROR]: Unexpected field {"name":"MulterError","code":"LIMIT_UNEXPECTED_FILE","field":"attachments","storageErrors":[],"service":"samit-backend"}
MulterError: Unexpected field
    at wrappedFileFilter (D:\coding\react\samit\be\node_modules\multer\index.js:40:19)
    at Multipart.<anonymous> (D:\coding\react\samit\be\node_modules\multer\lib\make-middleware.js:109:7)
    at Multipart.emit (node:events:524:28)
    at HeaderParser.cb (D:\coding\react\samit\be\node_modules\busboy\lib\types\multipart.js:358:14)
    at HeaderParser.push (D:\coding\react\samit\be\node_modules\busboy\lib\types\multipart.js:162:20)
    at SBMH.ssCb [as _cb] (D:\coding\react\samit\be\node_modules\busboy\lib\types\multipart.js:394:37)
    at feed (D:\coding\react\samit\be\node_modules\streamsearch\lib\sbmh.js:248:10)
    at SBMH.push (D:\coding\react\samit\be\node_modules\streamsearch\lib\sbmh.js:104:16)
    at Multipart._write (D:\coding\react\samit\be\node_modules\busboy\lib\types\multipart.js:567:19)
    at writeOrBuffer (node:internal/streams/writable:572:12)
2026-03-31 08:00:43 [ERROR]: unhandledRejection: Transaction cannot be rolled back because it has been finished with state: rollback
Error: Transaction cannot be rolled back because it has been finished with state: rollback
    at Transaction.rollback (D:\DEV\REACT\samit\be\node_modules\sequelize\lib\transaction.js:59:13)
    at importAssetsFromExcel (file:///D:/DEV/REACT/samit/be/controllers/asset/importAssetsController.js:668:21)
    at process.processTicksAndRejections (node:internal/process/task_queues:105:5) {"error":{},"rejection":true,"date":"Tue Mar 31 2026 08:00:43 GMT+0700 (Western Indonesia Time)","process":{"pid":19908,"uid":null,"gid":null,"cwd":"D:\\DEV\\REACT\\samit\\be","execPath":"C:\\Program Files\\nodejs\\node.exe","version":"v24.0.2","argv":["C:\\Program Files\\nodejs\\node.exe","D:\\DEV\\REACT\\samit\\be\\samit.js"],"memoryUsage":{"rss":179597312,"heapTotal":105070592,"heapUsed":68329992,"external":14758212,"arrayBuffers":12162711}},"os":{"loadavg":[0,0,0],"uptime":1297132.218},"trace":[{"column":13,"file":"D:\\DEV\\REACT\\samit\\be\\node_modules\\sequelize\\lib\\transaction.js","function":"Transaction.rollback","line":59,"method":"rollback","native":false},{"column":21,"file":"file:///D:/DEV/REACT/samit/be/controllers/asset/importAssetsController.js","function":"importAssetsFromExcel","line":668,"method":null,"native":false},{"column":5,"file":"node:internal/process/task_queues","function":"process.processTicksAndRejections","line":105,"method":"processTicksAndRejections","native":false}],"service":"samit-backend"}
Error: Transaction cannot be rolled back because it has been finished with state: rollback
    at Transaction.rollback (D:\DEV\REACT\samit\be\node_modules\sequelize\lib\transaction.js:59:13)
    at importAssetsFromExcel (file:///D:/DEV/REACT/samit/be/controllers/asset/importAssetsController.js:668:21)
    at process.processTicksAndRejections (node:internal/process/task_queues:105:5)
2026-04-01 09:19:41 [ERROR]: Server error: listen EADDRINUSE: address already in use 0.0.0.0:5002 {"service":"samit-backend","code":"EADDRINUSE","errno":-4091,"syscall":"listen","address":"0.0.0.0","port":5002}
Error: listen EADDRINUSE: address already in use 0.0.0.0:5002
    at Server.setupListenHandle [as _listen2] (node:net:1939:16)
    at listenInCluster (node:net:1996:12)
    at node:net:2205:7
    at process.processTicksAndRejections (node:internal/process/task_queues:90:21)
2026-04-01 09:22:09 [ERROR]: Conversion failed when converting date and/or time from character string. {"name":"SequelizeDatabaseError","parent":{"code":"EREQUEST","number":241,"state":1,"class":16,"serverName":"PIK1SVR009","procName":"","lineNumber":1,"sql":"INSERT INTO [part_categories] ([category_code],[category_name],[description],[status],[minimum_threshold],[average_price],[total_value],[created_at],[updated_at]) OUTPUT INSERTED.[part_category_id],INSERTED.[category_code],INSERTED.[category_name],INSERTED.[description],INSERTED.[status],INSERTED.[minimum_threshold],INSERTED.[average_price],INSERTED.[total_value],INSERTED.[created_at],INSERTED.[updated_at] VALUES (@0,@1,@2,@3,@4,@5,@6,@7,@8);","parameters":{"0":"TL","1":"TOOLING","2":"TOOLING","3":"active","4":50,"5":0,"6":0,"7":"2026-04-01 09:22:09.702 +07:00","8":"2026-04-01 09:22:09.702 +07:00"}},"original":{"code":"EREQUEST","number":241,"state":1,"class":16,"serverName":"PIK1SVR009","procName":"","lineNumber":1,"sql":"INSERT INTO [part_categories] ([category_code],[category_name],[description],[status],[minimum_threshold],[average_price],[total_value],[created_at],[updated_at]) OUTPUT INSERTED.[part_category_id],INSERTED.[category_code],INSERTED.[category_name],INSERTED.[description],INSERTED.[status],INSERTED.[minimum_threshold],INSERTED.[average_price],INSERTED.[total_value],INSERTED.[created_at],INSERTED.[updated_at] VALUES (@0,@1,@2,@3,@4,@5,@6,@7,@8);","parameters":{"0":"TL","1":"TOOLING","2":"TOOLING","3":"active","4":50,"5":0,"6":0,"7":"2026-04-01 09:22:09.702 +07:00","8":"2026-04-01 09:22:09.702 +07:00"}},"sql":"INSERT INTO [part_categories] ([category_code],[category_name],[description],[status],[minimum_threshold],[average_price],[total_value],[created_at],[updated_at]) OUTPUT INSERTED.[part_category_id],INSERTED.[category_code],INSERTED.[category_name],INSERTED.[description],INSERTED.[status],INSERTED.[minimum_threshold],INSERTED.[average_price],INSERTED.[total_value],INSERTED.[created_at],INSERTED.[updated_at] VALUES (@0,@1,@2,@3,@4,@5,@6,@7,@8);","parameters":{"0":"TL","1":"TOOLING","2":"TOOLING","3":"active","4":50,"5":0,"6":0,"7":"2026-04-01 09:22:09.702 +07:00","8":"2026-04-01 09:22:09.702 +07:00"},"service":"samit-backend"}
Error
    at Query.run (D:\DEV\REACT\samit\be\node_modules\sequelize\lib\dialects\mssql\query.js:107:25)
    at D:\DEV\REACT\samit\be\node_modules\sequelize\lib\sequelize.js:315:28
    at process.processTicksAndRejections (node:internal/process/task_queues:105:5)
    at async MSSqlQueryInterface.insert (D:\DEV\REACT\samit\be\node_modules\sequelize\lib\dialects\abstract\query-interface.js:308:21)
    at async model.save (D:\DEV\REACT\samit\be\node_modules\sequelize\lib\model.js:2490:35)
    at async PartCategory.create (D:\DEV\REACT\samit\be\node_modules\sequelize\lib\model.js:1362:12)
    at async PartCategoryService.createPartCategory (file:///D:/DEV/REACT/samit/be/services/partCategory.service.js:70:21)
    at async file:///D:/DEV/REACT/samit/be/routes/master.routes.js:97:21
2026-04-09 16:47:11 [ERROR]: unhandledRejection: sequelize is not defined
ReferenceError: sequelize is not defined
    at importAssetsFromExcel (file:///D:/DEV/REACT/samit/be/controllers/asset/import/importAssetsController.js:2:23)
    at Layer.handle [as handle_request] (D:\DEV\REACT\samit\be\node_modules\express\lib\router\layer.js:95:5)
    at next (D:\DEV\REACT\samit\be\node_modules\express\lib\router\route.js:149:13)
    at done (D:\DEV\REACT\samit\be\node_modules\multer\lib\make-middleware.js:47:7)
    at indicateDone (D:\DEV\REACT\samit\be\node_modules\multer\lib\make-middleware.js:51:68)
    at Multipart.<anonymous> (D:\DEV\REACT\samit\be\node_modules\multer\lib\make-middleware.js:168:7)
    at Multipart.emit (node:events:507:28)
    at emitCloseNT (node:internal/streams/destroy:148:10)
    at process.processTicksAndRejections (node:internal/process/task_queues:89:21) {"error":{},"rejection":true,"date":"Thu Apr 09 2026 16:47:11 GMT+0700 (Western Indonesia Time)","process":{"pid":4160,"uid":null,"gid":null,"cwd":"D:\\DEV\\REACT\\samit\\be","execPath":"C:\\Program Files\\nodejs\\node.exe","version":"v24.0.2","argv":["C:\\Program Files\\nodejs\\node.exe","D:\\DEV\\REACT\\samit\\be\\samit.js"],"memoryUsage":{"rss":120315904,"heapTotal":69955584,"heapUsed":44257936,"external":4895814,"arrayBuffers":2302052}},"os":{"loadavg":[0,0,0],"uptime":2106313.921},"trace":[{"column":23,"file":"file:///D:/DEV/REACT/samit/be/controllers/asset/import/importAssetsController.js","function":"importAssetsFromExcel","line":2,"method":null,"native":false},{"column":5,"file":"D:\\DEV\\REACT\\samit\\be\\node_modules\\express\\lib\\router\\layer.js","function":"Layer.handle [as handle_request]","line":95,"method":"handle [as handle_request]","native":false},{"column":13,"file":"D:\\DEV\\REACT\\samit\\be\\node_modules\\express\\lib\\router\\route.js","function":"next","line":149,"method":null,"native":false},{"column":7,"file":"D:\\DEV\\REACT\\samit\\be\\node_modules\\multer\\lib\\make-middleware.js","function":"done","line":47,"method":null,"native":false},{"column":68,"file":"D:\\DEV\\REACT\\samit\\be\\node_modules\\multer\\lib\\make-middleware.js","function":"indicateDone","line":51,"method":null,"native":false},{"column":7,"file":"D:\\DEV\\REACT\\samit\\be\\node_modules\\multer\\lib\\make-middleware.js","function":null,"line":168,"method":null,"native":false},{"column":28,"file":"node:events","function":"Multipart.emit","line":507,"method":"emit","native":false},{"column":10,"file":"node:internal/streams/destroy","function":"emitCloseNT","line":148,"method":null,"native":false},{"column":21,"file":"node:internal/process/task_queues","function":"process.processTicksAndRejections","line":89,"method":"processTicksAndRejections","native":false}],"service":"samit-backend"}
ReferenceError: sequelize is not defined
    at importAssetsFromExcel (file:///D:/DEV/REACT/samit/be/controllers/asset/import/importAssetsController.js:2:23)
    at Layer.handle [as handle_request] (D:\DEV\REACT\samit\be\node_modules\express\lib\router\layer.js:95:5)
    at next (D:\DEV\REACT\samit\be\node_modules\express\lib\router\route.js:149:13)
    at done (D:\DEV\REACT\samit\be\node_modules\multer\lib\make-middleware.js:47:7)
    at indicateDone (D:\DEV\REACT\samit\be\node_modules\multer\lib\make-middleware.js:51:68)
    at Multipart.<anonymous> (D:\DEV\REACT\samit\be\node_modules\multer\lib\make-middleware.js:168:7)
    at Multipart.emit (node:events:507:28)
    at emitCloseNT (node:internal/streams/destroy:148:10)
    at process.processTicksAndRejections (node:internal/process/task_queues:89:21)
2026-04-10 11:37:59 [ERROR]: unhandledRejection: sequelize is not defined
ReferenceError: sequelize is not defined
    at importAssetsFromExcel (file:///D:/DEV/REACT/samit/be/controllers/asset/import/importAssetsController.js:2:22)
    at Layer.handle [as handle_request] (D:\DEV\REACT\samit\be\node_modules\express\lib\router\layer.js:95:5)
    at next (D:\DEV\REACT\samit\be\node_modules\express\lib\router\route.js:149:13)
    at done (D:\DEV\REACT\samit\be\node_modules\multer\lib\make-middleware.js:47:7)
    at indicateDone (D:\DEV\REACT\samit\be\node_modules\multer\lib\make-middleware.js:51:68)
    at Multipart.<anonymous> (D:\DEV\REACT\samit\be\node_modules\multer\lib\make-middleware.js:168:7)
    at Multipart.emit (node:events:507:28)
    at emitCloseNT (node:internal/streams/destroy:148:10)
    at process.processTicksAndRejections (node:internal/process/task_queues:89:21) {"error":{},"rejection":true,"date":"Fri Apr 10 2026 11:37:59 GMT+0700 (Western Indonesia Time)","process":{"pid":5688,"uid":null,"gid":null,"cwd":"D:\\DEV\\REACT\\samit\\be","execPath":"C:\\Program Files\\nodejs\\node.exe","version":"v24.0.2","argv":["C:\\Program Files\\nodejs\\node.exe","D:\\DEV\\REACT\\samit\\be\\samit.js"],"memoryUsage":{"rss":119758848,"heapTotal":69955584,"heapUsed":44278712,"external":4899553,"arrayBuffers":2305791}},"os":{"loadavg":[0,0,0],"uptime":2174162.484},"trace":[{"column":22,"file":"file:///D:/DEV/REACT/samit/be/controllers/asset/import/importAssetsController.js","function":"importAssetsFromExcel","line":2,"method":null,"native":false},{"column":5,"file":"D:\\DEV\\REACT\\samit\\be\\node_modules\\express\\lib\\router\\layer.js","function":"Layer.handle [as handle_request]","line":95,"method":"handle [as handle_request]","native":false},{"column":13,"file":"D:\\DEV\\REACT\\samit\\be\\node_modules\\express\\lib\\router\\route.js","function":"next","line":149,"method":null,"native":false},{"column":7,"file":"D:\\DEV\\REACT\\samit\\be\\node_modules\\multer\\lib\\make-middleware.js","function":"done","line":47,"method":null,"native":false},{"column":68,"file":"D:\\DEV\\REACT\\samit\\be\\node_modules\\multer\\lib\\make-middleware.js","function":"indicateDone","line":51,"method":null,"native":false},{"column":7,"file":"D:\\DEV\\REACT\\samit\\be\\node_modules\\multer\\lib\\make-middleware.js","function":null,"line":168,"method":null,"native":false},{"column":28,"file":"node:events","function":"Multipart.emit","line":507,"method":"emit","native":false},{"column":10,"file":"node:internal/streams/destroy","function":"emitCloseNT","line":148,"method":null,"native":false},{"column":21,"file":"node:internal/process/task_queues","function":"process.processTicksAndRejections","line":89,"method":"processTicksAndRejections","native":false}],"service":"samit-backend"}
ReferenceError: sequelize is not defined
    at importAssetsFromExcel (file:///D:/DEV/REACT/samit/be/controllers/asset/import/importAssetsController.js:2:22)
    at Layer.handle [as handle_request] (D:\DEV\REACT\samit\be\node_modules\express\lib\router\layer.js:95:5)
    at next (D:\DEV\REACT\samit\be\node_modules\express\lib\router\route.js:149:13)
    at done (D:\DEV\REACT\samit\be\node_modules\multer\lib\make-middleware.js:47:7)
    at indicateDone (D:\DEV\REACT\samit\be\node_modules\multer\lib\make-middleware.js:51:68)
    at Multipart.<anonymous> (D:\DEV\REACT\samit\be\node_modules\multer\lib\make-middleware.js:168:7)
    at Multipart.emit (node:events:507:28)
    at emitCloseNT (node:internal/streams/destroy:148:10)
    at process.processTicksAndRejections (node:internal/process/task_queues:89:21)
2026-04-10 11:38:18 [ERROR]: unhandledRejection: safeRollback is not defined
ReferenceError: safeRollback is not defined
    at importAssetsFromExcel (file:///D:/DEV/REACT/samit/be/controllers/asset/import/importAssetsController.js:222:3)
    at process.processTicksAndRejections (node:internal/process/task_queues:105:5) {"error":{},"rejection":true,"date":"Fri Apr 10 2026 11:38:18 GMT+0700 (Western Indonesia Time)","process":{"pid":43564,"uid":null,"gid":null,"cwd":"D:\\DEV\\REACT\\samit\\be","execPath":"C:\\Program Files\\nodejs\\node.exe","version":"v24.0.2","argv":["C:\\Program Files\\nodejs\\node.exe","D:\\DEV\\REACT\\samit\\be\\samit.js"],"memoryUsage":{"rss":215461888,"heapTotal":136105984,"heapUsed":77877112,"external":14044675,"arrayBuffers":11449174}},"os":{"loadavg":[0,0,0],"uptime":2174181.796},"trace":[{"column":3,"file":"file:///D:/DEV/REACT/samit/be/controllers/asset/import/importAssetsController.js","function":"importAssetsFromExcel","line":222,"method":null,"native":false},{"column":5,"file":"node:internal/process/task_queues","function":"process.processTicksAndRejections","line":105,"method":"processTicksAndRejections","native":false}],"service":"samit-backend"}
ReferenceError: safeRollback is not defined
    at importAssetsFromExcel (file:///D:/DEV/REACT/samit/be/controllers/asset/import/importAssetsController.js:222:3)
    at process.processTicksAndRejections (node:internal/process/task_queues:105:5)
2026-04-10 13:05:32 [ERROR]: unhandledRejection: sequelize is not defined
ReferenceError: sequelize is not defined
    at importAssetsFromExcel (file:///D:/DEV/REACT/samit/be/controllers/asset/import/importAssetsController.js:2:22)
    at Layer.handle [as handle_request] (D:\DEV\REACT\samit\be\node_modules\express\lib\router\layer.js:95:5)
    at next (D:\DEV\REACT\samit\be\node_modules\express\lib\router\route.js:149:13)
    at done (D:\DEV\REACT\samit\be\node_modules\multer\lib\make-middleware.js:47:7)
    at indicateDone (D:\DEV\REACT\samit\be\node_modules\multer\lib\make-middleware.js:51:68)
    at Multipart.<anonymous> (D:\DEV\REACT\samit\be\node_modules\multer\lib\make-middleware.js:168:7)
    at Multipart.emit (node:events:507:28)
    at emitCloseNT (node:internal/streams/destroy:148:10)
    at process.processTicksAndRejections (node:internal/process/task_queues:89:21) {"error":{},"rejection":true,"date":"Fri Apr 10 2026 13:05:32 GMT+0700 (Western Indonesia Time)","process":{"pid":6476,"uid":null,"gid":null,"cwd":"D:\\DEV\\REACT\\samit\\be","execPath":"C:\\Program Files\\nodejs\\node.exe","version":"v24.0.2","argv":["C:\\Program Files\\nodejs\\node.exe","D:\\DEV\\REACT\\samit\\be\\samit.js"],"memoryUsage":{"rss":119431168,"heapTotal":71004160,"heapUsed":44512216,"external":4899553,"arrayBuffers":2305791}},"os":{"loadavg":[0,0,0],"uptime":2179415.203},"trace":[{"column":22,"file":"file:///D:/DEV/REACT/samit/be/controllers/asset/import/importAssetsController.js","function":"importAssetsFromExcel","line":2,"method":null,"native":false},{"column":5,"file":"D:\\DEV\\REACT\\samit\\be\\node_modules\\express\\lib\\router\\layer.js","function":"Layer.handle [as handle_request]","line":95,"method":"handle [as handle_request]","native":false},{"column":13,"file":"D:\\DEV\\REACT\\samit\\be\\node_modules\\express\\lib\\router\\route.js","function":"next","line":149,"method":null,"native":false},{"column":7,"file":"D:\\DEV\\REACT\\samit\\be\\node_modules\\multer\\lib\\make-middleware.js","function":"done","line":47,"method":null,"native":false},{"column":68,"file":"D:\\DEV\\REACT\\samit\\be\\node_modules\\multer\\lib\\make-middleware.js","function":"indicateDone","line":51,"method":null,"native":false},{"column":7,"file":"D:\\DEV\\REACT\\samit\\be\\node_modules\\multer\\lib\\make-middleware.js","function":null,"line":168,"method":null,"native":false},{"column":28,"file":"node:events","function":"Multipart.emit","line":507,"method":"emit","native":false},{"column":10,"file":"node:internal/streams/destroy","function":"emitCloseNT","line":148,"method":null,"native":false},{"column":21,"file":"node:internal/process/task_queues","function":"process.processTicksAndRejections","line":89,"method":"processTicksAndRejections","native":false}],"service":"samit-backend"}
ReferenceError: sequelize is not defined
    at importAssetsFromExcel (file:///D:/DEV/REACT/samit/be/controllers/asset/import/importAssetsController.js:2:22)
    at Layer.handle [as handle_request] (D:\DEV\REACT\samit\be\node_modules\express\lib\router\layer.js:95:5)
    at next (D:\DEV\REACT\samit\be\node_modules\express\lib\router\route.js:149:13)
    at done (D:\DEV\REACT\samit\be\node_modules\multer\lib\make-middleware.js:47:7)
    at indicateDone (D:\DEV\REACT\samit\be\node_modules\multer\lib\make-middleware.js:51:68)
    at Multipart.<anonymous> (D:\DEV\REACT\samit\be\node_modules\multer\lib\make-middleware.js:168:7)
    at Multipart.emit (node:events:507:28)
    at emitCloseNT (node:internal/streams/destroy:148:10)
    at process.processTicksAndRejections (node:internal/process/task_queues:89:21)
2026-04-10 13:05:59 [ERROR]: unhandledRejection: sequelize is not defined
ReferenceError: sequelize is not defined
    at importAssetsFromExcel (file:///D:/DEV/REACT/samit/be/controllers/asset/import/importAssetsController.js:19:22)
    at Layer.handle [as handle_request] (D:\DEV\REACT\samit\be\node_modules\express\lib\router\layer.js:95:5)
    at next (D:\DEV\REACT\samit\be\node_modules\express\lib\router\route.js:149:13)
    at done (D:\DEV\REACT\samit\be\node_modules\multer\lib\make-middleware.js:47:7)
    at indicateDone (D:\DEV\REACT\samit\be\node_modules\multer\lib\make-middleware.js:51:68)
    at Multipart.<anonymous> (D:\DEV\REACT\samit\be\node_modules\multer\lib\make-middleware.js:168:7)
    at Multipart.emit (node:events:507:28)
    at emitCloseNT (node:internal/streams/destroy:148:10)
    at process.processTicksAndRejections (node:internal/process/task_queues:89:21) {"error":{},"rejection":true,"date":"Fri Apr 10 2026 13:05:59 GMT+0700 (Western Indonesia Time)","process":{"pid":33264,"uid":null,"gid":null,"cwd":"D:\\DEV\\REACT\\samit\\be","execPath":"C:\\Program Files\\nodejs\\node.exe","version":"v24.0.2","argv":["C:\\Program Files\\nodejs\\node.exe","D:\\DEV\\REACT\\samit\\be\\samit.js"],"memoryUsage":{"rss":118616064,"heapTotal":69955584,"heapUsed":43823256,"external":4895138,"arrayBuffers":2301376}},"os":{"loadavg":[0,0,0],"uptime":2179442.656},"trace":[{"column":22,"file":"file:///D:/DEV/REACT/samit/be/controllers/asset/import/importAssetsController.js","function":"importAssetsFromExcel","line":19,"method":null,"native":false},{"column":5,"file":"D:\\DEV\\REACT\\samit\\be\\node_modules\\express\\lib\\router\\layer.js","function":"Layer.handle [as handle_request]","line":95,"method":"handle [as handle_request]","native":false},{"column":13,"file":"D:\\DEV\\REACT\\samit\\be\\node_modules\\express\\lib\\router\\route.js","function":"next","line":149,"method":null,"native":false},{"column":7,"file":"D:\\DEV\\REACT\\samit\\be\\node_modules\\multer\\lib\\make-middleware.js","function":"done","line":47,"method":null,"native":false},{"column":68,"file":"D:\\DEV\\REACT\\samit\\be\\node_modules\\multer\\lib\\make-middleware.js","function":"indicateDone","line":51,"method":null,"native":false},{"column":7,"file":"D:\\DEV\\REACT\\samit\\be\\node_modules\\multer\\lib\\make-middleware.js","function":null,"line":168,"method":null,"native":false},{"column":28,"file":"node:events","function":"Multipart.emit","line":507,"method":"emit","native":false},{"column":10,"file":"node:internal/streams/destroy","function":"emitCloseNT","line":148,"method":null,"native":false},{"column":21,"file":"node:internal/process/task_queues","function":"process.processTicksAndRejections","line":89,"method":"processTicksAndRejections","native":false}],"service":"samit-backend"}
ReferenceError: sequelize is not defined
    at importAssetsFromExcel (file:///D:/DEV/REACT/samit/be/controllers/asset/import/importAssetsController.js:19:22)
    at Layer.handle [as handle_request] (D:\DEV\REACT\samit\be\node_modules\express\lib\router\layer.js:95:5)
    at next (D:\DEV\REACT\samit\be\node_modules\express\lib\router\route.js:149:13)
    at done (D:\DEV\REACT\samit\be\node_modules\multer\lib\make-middleware.js:47:7)
    at indicateDone (D:\DEV\REACT\samit\be\node_modules\multer\lib\make-middleware.js:51:68)
    at Multipart.<anonymous> (D:\DEV\REACT\samit\be\node_modules\multer\lib\make-middleware.js:168:7)
    at Multipart.emit (node:events:507:28)
    at emitCloseNT (node:internal/streams/destroy:148:10)
    at process.processTicksAndRejections (node:internal/process/task_queues:89:21)
2026-04-10 13:32:09 [ERROR]: unhandledRejection: Cannot read properties of undefined (reading 'queue')
TypeError: Cannot read properties of undefined (reading 'queue')
    at Query.run (D:\DEV\REACT\samit\be\node_modules\sequelize\lib\dialects\mssql\query.js:108:28)
    at D:\DEV\REACT\samit\be\node_modules\sequelize\lib\sequelize.js:315:28
    at process.processTicksAndRejections (node:internal/process/task_queues:105:5)
    at async MSSqlQueryInterface.select (D:\DEV\REACT\samit\be\node_modules\sequelize\lib\dialects\abstract\query-interface.js:407:12)
    at async ITAssetGroup.findAll (D:\DEV\REACT\samit\be\node_modules\sequelize\lib\model.js:1140:21)
    at async ITAssetGroup.findOne (D:\DEV\REACT\samit\be\node_modules\sequelize\lib\model.js:1240:12) {"error":{},"rejection":true,"date":"Fri Apr 10 2026 13:32:09 GMT+0700 (Western Indonesia Time)","process":{"pid":47528,"uid":null,"gid":null,"cwd":"D:\\DEV\\REACT\\samit\\be","execPath":"C:\\Program Files\\nodejs\\node.exe","version":"v24.0.2","argv":["C:\\Program Files\\nodejs\\node.exe","D:\\DEV\\REACT\\samit\\be\\samit.js"],"memoryUsage":{"rss":197722112,"heapTotal":133795840,"heapUsed":64007016,"external":6739432,"arrayBuffers":4143931}},"os":{"loadavg":[0,0,0],"uptime":2181012.609},"trace":[{"column":28,"file":"D:\\DEV\\REACT\\samit\\be\\node_modules\\sequelize\\lib\\dialects\\mssql\\query.js","function":"Query.run","line":108,"method":"run","native":false},{"column":28,"file":"D:\\DEV\\REACT\\samit\\be\\node_modules\\sequelize\\lib\\sequelize.js","function":null,"line":315,"method":null,"native":false},{"column":5,"file":"node:internal/process/task_queues","function":"process.processTicksAndRejections","line":105,"method":"processTicksAndRejections","native":false},{"column":12,"file":"D:\\DEV\\REACT\\samit\\be\\node_modules\\sequelize\\lib\\dialects\\abstract\\query-interface.js","function":"async MSSqlQueryInterface.select","line":407,"method":"select","native":false},{"column":21,"file":"D:\\DEV\\REACT\\samit\\be\\node_modules\\sequelize\\lib\\model.js","function":"async ITAssetGroup.findAll","line":1140,"method":"findAll","native":false},{"column":12,"file":"D:\\DEV\\REACT\\samit\\be\\node_modules\\sequelize\\lib\\model.js","function":"async ITAssetGroup.findOne","line":1240,"method":"findOne","native":false}],"service":"samit-backend"}
TypeError: Cannot read properties of undefined (reading 'queue')
    at Query.run (D:\DEV\REACT\samit\be\node_modules\sequelize\lib\dialects\mssql\query.js:108:28)
    at D:\DEV\REACT\samit\be\node_modules\sequelize\lib\sequelize.js:315:28
    at process.processTicksAndRejections (node:internal/process/task_queues:105:5)
    at async MSSqlQueryInterface.select (D:\DEV\REACT\samit\be\node_modules\sequelize\lib\dialects\abstract\query-interface.js:407:12)
    at async ITAssetGroup.findAll (D:\DEV\REACT\samit\be\node_modules\sequelize\lib\model.js:1140:21)
    at async ITAssetGroup.findOne (D:\DEV\REACT\samit\be\node_modules\sequelize\lib\model.js:1240:12)
2026-04-10 13:32:46 [ERROR]: unhandledRejection: Cannot read properties of undefined (reading 'queue')
TypeError: Cannot read properties of undefined (reading 'queue')
    at Query.run (D:\DEV\REACT\samit\be\node_modules\sequelize\lib\dialects\mssql\query.js:108:28)
    at D:\DEV\REACT\samit\be\node_modules\sequelize\lib\sequelize.js:315:28
    at process.processTicksAndRejections (node:internal/process/task_queues:105:5)
    at async MSSqlQueryInterface.select (D:\DEV\REACT\samit\be\node_modules\sequelize\lib\dialects\abstract\query-interface.js:407:12)
    at async ITAssetGroup.findAll (D:\DEV\REACT\samit\be\node_modules\sequelize\lib\model.js:1140:21)
    at async ITAssetGroup.findOne (D:\DEV\REACT\samit\be\node_modules\sequelize\lib\model.js:1240:12) {"error":{},"rejection":true,"date":"Fri Apr 10 2026 13:32:46 GMT+0700 (Western Indonesia Time)","process":{"pid":27768,"uid":null,"gid":null,"cwd":"D:\\DEV\\REACT\\samit\\be","execPath":"C:\\Program Files\\nodejs\\node.exe","version":"v24.0.2","argv":["C:\\Program Files\\nodejs\\node.exe","D:\\DEV\\REACT\\samit\\be\\samit.js"],"memoryUsage":{"rss":197681152,"heapTotal":133795840,"heapUsed":63938248,"external":6739432,"arrayBuffers":4143931}},"os":{"loadavg":[0,0,0],"uptime":2181049.515},"trace":[{"column":28,"file":"D:\\DEV\\REACT\\samit\\be\\node_modules\\sequelize\\lib\\dialects\\mssql\\query.js","function":"Query.run","line":108,"method":"run","native":false},{"column":28,"file":"D:\\DEV\\REACT\\samit\\be\\node_modules\\sequelize\\lib\\sequelize.js","function":null,"line":315,"method":null,"native":false},{"column":5,"file":"node:internal/process/task_queues","function":"process.processTicksAndRejections","line":105,"method":"processTicksAndRejections","native":false},{"column":12,"file":"D:\\DEV\\REACT\\samit\\be\\node_modules\\sequelize\\lib\\dialects\\abstract\\query-interface.js","function":"async MSSqlQueryInterface.select","line":407,"method":"select","native":false},{"column":21,"file":"D:\\DEV\\REACT\\samit\\be\\node_modules\\sequelize\\lib\\model.js","function":"async ITAssetGroup.findAll","line":1140,"method":"findAll","native":false},{"column":12,"file":"D:\\DEV\\REACT\\samit\\be\\node_modules\\sequelize\\lib\\model.js","function":"async ITAssetGroup.findOne","line":1240,"method":"findOne","native":false}],"service":"samit-backend"}
TypeError: Cannot read properties of undefined (reading 'queue')
    at Query.run (D:\DEV\REACT\samit\be\node_modules\sequelize\lib\dialects\mssql\query.js:108:28)
    at D:\DEV\REACT\samit\be\node_modules\sequelize\lib\sequelize.js:315:28
    at process.processTicksAndRejections (node:internal/process/task_queues:105:5)
    at async MSSqlQueryInterface.select (D:\DEV\REACT\samit\be\node_modules\sequelize\lib\dialects\abstract\query-interface.js:407:12)
    at async ITAssetGroup.findAll (D:\DEV\REACT\samit\be\node_modules\sequelize\lib\model.js:1140:21)
    at async ITAssetGroup.findOne (D:\DEV\REACT\samit\be\node_modules\sequelize\lib\model.js:1240:12)
2026-04-10 13:59:48 [ERROR]: Gagal menjalankan server atau inisialisasi DB: Unknown attribute "it_item_id" passed as targetKey, define this attribute on model "ITItem" first {"service":"samit-backend"}
Error: Unknown attribute "it_item_id" passed as targetKey, define this attribute on model "ITItem" first
    at new BelongsTo (D:\DEV\REACT\samit\be\node_modules\sequelize\lib\associations\belongs-to.js:55:13)
    at AssetAuditLog.<anonymous> (D:\DEV\REACT\samit\be\node_modules\sequelize\lib\associations\mixin.js:70:25)
    at AssetAuditLog.associate (file:///D:/DEV/REACT/samit/be/models/2_eam_core/AssetAuditLog.js:68:21)
    at file:///D:/DEV/REACT/samit/be/models/index.js:70:18
    at Array.forEach (<anonymous>)
    at initializeDB (file:///D:/DEV/REACT/samit/be/models/index.js:68:18)
    at async startServer (file:///D:/DEV/REACT/samit/be/samit.js:180:5)
